Flow report for audio_codec
Thu May 11 15:49:44 2017
Quartus Prime Version 16.1.0 Build 196 10/24/2016 SJ Lite Edition


---------------------
; Table of Contents ;
---------------------
  1. Legal Notice
  2. Flow Summary
  3. Flow Settings
  4. Flow Non-Default Global Settings
  5. Flow Elapsed Time
  6. Flow OS Summary
  7. Flow Log
  8. Flow Messages
  9. Flow Suppressed Messages



----------------
; Legal Notice ;
----------------
Copyright (C) 2016  Intel Corporation. All rights reserved.
Your use of Intel Corporation's design tools, logic functions 
and other software and tools, and its AMPP partner logic 
functions, and any output files from any of the foregoing 
(including device programming or simulation files), and any 
associated documentation or information are expressly subject 
to the terms and conditions of the Intel Program License 
Subscription Agreement, the Intel Quartus Prime License Agreement,
the Intel MegaCore Function License Agreement, or other 
applicable license agreement, including, without limitation, 
that your use is for the sole purpose of programming logic 
devices manufactured by Intel and sold by Intel or its 
authorized distributors.  Please refer to the applicable 
agreement for further details.



+-------------------------------------------------------------------------------+
; Flow Summary                                                                  ;
+---------------------------------+---------------------------------------------+
; Flow Status                     ; Successful - Thu May 11 15:49:44 2017       ;
; Quartus Prime Version           ; 16.1.0 Build 196 10/24/2016 SJ Lite Edition ;
; Revision Name                   ; audio_codec                                 ;
; Top-level Entity Name           ; audio_codec                                 ;
; Family                          ; Cyclone V                                   ;
; Device                          ; 5CSXFC6D6F31C6                              ;
; Timing Models                   ; Final                                       ;
; Logic utilization (in ALMs)     ; 244 / 41,910 ( < 1 % )                      ;
; Total registers                 ; 126                                         ;
; Total pins                      ; 33 / 499 ( 7 % )                            ;
; Total virtual pins              ; 0                                           ;
; Total block memory bits         ; 3,844,080 / 5,662,720 ( 68 % )              ;
; Total DSP Blocks                ; 0 / 112 ( 0 % )                             ;
; Total HSSI RX PCSs              ; 0 / 9 ( 0 % )                               ;
; Total HSSI PMA RX Deserializers ; 0 / 9 ( 0 % )                               ;
; Total HSSI TX PCSs              ; 0 / 9 ( 0 % )                               ;
; Total HSSI PMA TX Serializers   ; 0 / 9 ( 0 % )                               ;
; Total PLLs                      ; 1 / 15 ( 7 % )                              ;
; Total DLLs                      ; 0 / 4 ( 0 % )                               ;
+---------------------------------+---------------------------------------------+


+-----------------------------------------+
; Flow Settings                           ;
+-------------------+---------------------+
; Option            ; Setting             ;
+-------------------+---------------------+
; Start date & time ; 05/11/2017 15:46:28 ;
; Main task         ; Compilation         ;
; Revision Name     ; audio_codec         ;
+-------------------+---------------------+


+------------------------------------------------------------------------------------------------------------------------------------------+
; Flow Non-Default Global Settings                                                                                                         ;
+-------------------------------------+----------------------------------------+---------------+--------------------------+----------------+
; Assignment Name                     ; Value                                  ; Default Value ; Entity Name              ; Section Id     ;
+-------------------------------------+----------------------------------------+---------------+--------------------------+----------------+
; COMPILER_SIGNATURE_ID               ; 119169995751940.149451038803280        ; --            ; --                       ; --             ;
; EDA_OUTPUT_DATA_FORMAT              ; Vhdl                                   ; --            ; --                       ; eda_simulation ;
; EDA_SIMULATION_TOOL                 ; ModelSim-Altera (VHDL)                 ; <None>        ; --                       ; --             ;
; EDA_TIME_SCALE                      ; 1 ps                                   ; --            ; --                       ; eda_simulation ;
; MAX_CORE_JUNCTION_TEMP              ; 85                                     ; --            ; --                       ; --             ;
; MIN_CORE_JUNCTION_TEMP              ; 0                                      ; --            ; --                       ; --             ;
; PARTITION_COLOR                     ; -- (Not supported for targeted family) ; --            ; DE10_Standard_golden_top ; Top            ;
; PARTITION_COLOR                     ; -- (Not supported for targeted family) ; --            ; --                       ; Top            ;
; PARTITION_COLOR                     ; -- (Not supported for targeted family) ; --            ; test_1                   ; Top            ;
; PARTITION_FITTER_PRESERVATION_LEVEL ; -- (Not supported for targeted family) ; --            ; DE10_Standard_golden_top ; Top            ;
; PARTITION_FITTER_PRESERVATION_LEVEL ; -- (Not supported for targeted family) ; --            ; --                       ; Top            ;
; PARTITION_FITTER_PRESERVATION_LEVEL ; -- (Not supported for targeted family) ; --            ; test_1                   ; Top            ;
; PARTITION_NETLIST_TYPE              ; -- (Not supported for targeted family) ; --            ; DE10_Standard_golden_top ; Top            ;
; PARTITION_NETLIST_TYPE              ; -- (Not supported for targeted family) ; --            ; --                       ; Top            ;
; PARTITION_NETLIST_TYPE              ; -- (Not supported for targeted family) ; --            ; test_1                   ; Top            ;
; POWER_BOARD_THERMAL_MODEL           ; None (CONSERVATIVE)                    ; --            ; --                       ; --             ;
; POWER_PRESET_COOLING_SOLUTION       ; 23 MM HEAT SINK WITH 200 LFPM AIRFLOW  ; --            ; --                       ; --             ;
; PROJECT_OUTPUT_DIRECTORY            ; output_files                           ; --            ; --                       ; --             ;
+-------------------------------------+----------------------------------------+---------------+--------------------------+----------------+


+-------------------------------------------------------------------------------------------------------------------------------+
; Flow Elapsed Time                                                                                                             ;
+---------------------------+--------------+-------------------------+---------------------+------------------------------------+
; Module Name               ; Elapsed Time ; Average Processors Used ; Peak Virtual Memory ; Total CPU Time (on all processors) ;
+---------------------------+--------------+-------------------------+---------------------+------------------------------------+
; Analysis & Synthesis      ; 00:00:33     ; 1.0                     ; 796 MB              ; 00:00:57                           ;
; Fitter                    ; 00:02:02     ; 1.1                     ; 2583 MB             ; 00:04:34                           ;
; Assembler                 ; 00:00:15     ; 1.0                     ; 760 MB              ; 00:00:13                           ;
; TimeQuest Timing Analyzer ; 00:00:16     ; 2.0                     ; 1109 MB             ; 00:00:22                           ;
; EDA Netlist Writer        ; 00:00:03     ; 1.0                     ; 766 MB              ; 00:00:03                           ;
; Total                     ; 00:03:09     ; --                      ; --                  ; 00:06:09                           ;
+---------------------------+--------------+-------------------------+---------------------+------------------------------------+


+----------------------------------------------------------------------------------------+
; Flow OS Summary                                                                        ;
+---------------------------+------------------+-----------+------------+----------------+
; Module Name               ; Machine Hostname ; OS Name   ; OS Version ; Processor type ;
+---------------------------+------------------+-----------+------------+----------------+
; Analysis & Synthesis      ; Nano-PC          ; Windows 7 ; 6.1        ; x86_64         ;
; Fitter                    ; Nano-PC          ; Windows 7 ; 6.1        ; x86_64         ;
; Assembler                 ; Nano-PC          ; Windows 7 ; 6.1        ; x86_64         ;
; TimeQuest Timing Analyzer ; Nano-PC          ; Windows 7 ; 6.1        ; x86_64         ;
; EDA Netlist Writer        ; Nano-PC          ; Windows 7 ; 6.1        ; x86_64         ;
+---------------------------+------------------+-----------+------------+----------------+


------------
; Flow Log ;
------------
quartus_map --read_settings_files=on --write_settings_files=off audio_codec -c audio_codec
quartus_fit --read_settings_files=off --write_settings_files=off audio_codec -c audio_codec
quartus_asm --read_settings_files=off --write_settings_files=off audio_codec -c audio_codec
quartus_sta audio_codec -c audio_codec
quartus_eda --read_settings_files=off --write_settings_files=off audio_codec -c audio_codec



